<?xml version="1.0" encoding="UTF-8"?>
<!-- Generated by org.testng.reporters.JUnitReportReporter -->
<testsuite hostname="DESKTOP-T4KGIDE" failures="0" tests="1" name="Test.Test1" time="1.961" errors="0" timestamp="2023-05-10T18:46:29 IST" skipped="0">
  <testcase classname="Test.Test1" name="add_Cust_test" time="1.961"/>
  <system-out/>
</testsuite> <!-- Test.Test1 -->
